<?xml version="1.0" encoding="UTF-8"?>
<testng-results ignored="0" total="1" passed="1" failed="0" skipped="0">
  <reporter-output>
  </reporter-output>
  <suite started-at="2023-07-22T12:56:02 IST" name="Default suite" finished-at="2023-07-22T12:56:02 IST" duration-ms="75">
    <groups>
    </groups>
    <test started-at="2023-07-22T12:56:02 IST" name="Default test" finished-at="2023-07-22T12:56:02 IST" duration-ms="75">
      <class name="stringPrograms.PrintTheReverseStringTest">
        <test-method signature="reverseStringMethod()[pri:0, instance:stringPrograms.PrintTheReverseStringTest@7494f96a]" started-at="2023-07-22T12:56:02 IST" name="reverseStringMethod" finished-at="2023-07-22T12:56:02 IST" duration-ms="14" status="PASS">
          <reporter-output>
          </reporter-output>
        </test-method> <!-- reverseStringMethod -->
      </class> <!-- stringPrograms.PrintTheReverseStringTest -->
    </test> <!-- Default test -->
  </suite> <!-- Default suite -->
</testng-results>
