<?xml version="1.0" encoding="UTF-8"?>
<testng-results ignored="0" total="1" passed="1" failed="0" skipped="0">
  <reporter-output>
  </reporter-output>
  <suite started-at="2023-06-21T10:16:07 IST" name="Default suite" finished-at="2023-06-21T10:16:07 IST" duration-ms="70">
    <groups>
    </groups>
    <test started-at="2023-06-21T10:16:07 IST" name="Default test" finished-at="2023-06-21T10:16:07 IST" duration-ms="70">
      <class name="arrayPrograms.CountTheNumberOfElementsRepeatedFromArrayTest">
        <test-method signature="countElementsRepeated()[pri:0, instance:arrayPrograms.CountTheNumberOfElementsRepeatedFromArrayTest@7494f96a]" started-at="2023-06-21T10:16:07 IST" name="countElementsRepeated" finished-at="2023-06-21T10:16:07 IST" duration-ms="17" status="PASS">
          <reporter-output>
          </reporter-output>
        </test-method> <!-- countElementsRepeated -->
      </class> <!-- arrayPrograms.CountTheNumberOfElementsRepeatedFromArrayTest -->
    </test> <!-- Default test -->
  </suite> <!-- Default suite -->
</testng-results>
